GROUP,PACKAGE,CLASS,INSTRUCTION_MISSED,INSTRUCTION_COVERED,BRANCH_MISSED,BRANCH_COVERED,LINE_MISSED,LINE_COVERED,COMPLEXITY_MISSED,COMPLEXITY_COVERED,METHOD_MISSED,METHOD_COVERED
AnimalApp,com.izzy.AnimalPack,Main,49,0,0,0,13,0,2,0,2,0
AnimalApp,com.izzy.AnimalPack,Mammal,0,7,0,0,0,3,0,3,0,3
AnimalApp,com.izzy.AnimalPack,Penguin,33,0,0,0,10,0,2,0,2,0
AnimalApp,com.izzy.AnimalPack,Animal,4,22,0,0,1,11,1,8,1,8
AnimalApp,com.izzy.AnimalPack,Dog,0,28,0,0,0,9,0,2,0,2
AnimalApp,com.izzy.AnimalPack,Bird,12,0,0,0,7,0,5,0,5,0
